[debug] [2024-12-11T22:10:43.547Z] ----------------------------------------------------------------------
[debug] [2024-12-11T22:10:43.549Z] Command:       /usr/local/bin/firebase /Users/m-home/.cache/firebase/tools/lib/node_modules/firebase-tools/lib/bin/firebase deploy
[debug] [2024-12-11T22:10:43.549Z] CLI Version:   13.28.0
[debug] [2024-12-11T22:10:43.550Z] Platform:      darwin
[debug] [2024-12-11T22:10:43.550Z] Node Version:  v18.5.0
[debug] [2024-12-11T22:10:43.555Z] Time:          Wed Dec 11 2024 17:10:43 GMT-0500 (Eastern Standard Time)
[debug] [2024-12-11T22:10:43.556Z] ----------------------------------------------------------------------
[debug] 
[debug] [2024-12-11T22:10:43.562Z] >>> [apiv2][query] GET https://firebase-public.firebaseio.com/cli.json [none]
[debug] [2024-12-11T22:10:43.714Z] > command requires scopes: ["email","openid","https://www.googleapis.com/auth/cloudplatformprojects.readonly","https://www.googleapis.com/auth/firebase","https://www.googleapis.com/auth/cloud-platform"]
[debug] [2024-12-11T22:10:43.715Z] > authorizing via signed-in user (misha@burnayev.com)
[debug] [2024-12-11T22:10:43.716Z] [iam] checking project mburnayev-website for permissions ["firebase.projects.get","firebasehosting.sites.update"]
[debug] [2024-12-11T22:10:43.717Z] Checked if tokens are valid: false, expires at: 1733755310159
[debug] [2024-12-11T22:10:43.718Z] Checked if tokens are valid: false, expires at: 1733755310159
[debug] [2024-12-11T22:10:43.718Z] > refreshing access token with scopes: []
[debug] [2024-12-11T22:10:43.719Z] >>> [apiv2][query] POST https://www.googleapis.com/oauth2/v3/token [none]
[debug] [2024-12-11T22:10:43.720Z] >>> [apiv2][body] POST https://www.googleapis.com/oauth2/v3/token [omitted]
[debug] [2024-12-11T22:10:43.870Z] <<< [apiv2][status] GET https://firebase-public.firebaseio.com/cli.json 200
[debug] [2024-12-11T22:10:43.873Z] <<< [apiv2][body] GET https://firebase-public.firebaseio.com/cli.json {"cloudBuildErrorAfter":1594252800000,"cloudBuildWarnAfter":1590019200000,"defaultNode10After":1594252800000,"minVersion":"3.0.5","node8DeploysDisabledAfter":1613390400000,"node8RuntimeDisabledAfter":1615809600000,"node8WarnAfter":1600128000000}
[debug] [2024-12-11T22:10:43.900Z] <<< [apiv2][status] POST https://www.googleapis.com/oauth2/v3/token 200
[debug] [2024-12-11T22:10:43.903Z] <<< [apiv2][body] POST https://www.googleapis.com/oauth2/v3/token [omitted]
[debug] [2024-12-11T22:10:43.916Z] >>> [apiv2][query] POST https://cloudresourcemanager.googleapis.com/v1/projects/mburnayev-website:testIamPermissions [none]
[debug] [2024-12-11T22:10:43.916Z] >>> [apiv2][(partial)header] POST https://cloudresourcemanager.googleapis.com/v1/projects/mburnayev-website:testIamPermissions x-goog-quota-user=projects/mburnayev-website
[debug] [2024-12-11T22:10:43.916Z] >>> [apiv2][body] POST https://cloudresourcemanager.googleapis.com/v1/projects/mburnayev-website:testIamPermissions {"permissions":["firebase.projects.get","firebasehosting.sites.update"]}
[debug] [2024-12-11T22:10:44.100Z] <<< [apiv2][status] POST https://cloudresourcemanager.googleapis.com/v1/projects/mburnayev-website:testIamPermissions 200
[debug] [2024-12-11T22:10:44.101Z] <<< [apiv2][body] POST https://cloudresourcemanager.googleapis.com/v1/projects/mburnayev-website:testIamPermissions {"permissions":["firebase.projects.get","firebasehosting.sites.update"]}
[debug] [2024-12-11T22:10:44.102Z] Checked if tokens are valid: true, expires at: 1733958642903
[debug] [2024-12-11T22:10:44.102Z] Checked if tokens are valid: true, expires at: 1733958642903
[debug] [2024-12-11T22:10:44.102Z] >>> [apiv2][query] GET https://firebase.googleapis.com/v1beta1/projects/mburnayev-website [none]
[debug] [2024-12-11T22:10:44.505Z] <<< [apiv2][status] GET https://firebase.googleapis.com/v1beta1/projects/mburnayev-website 200
[debug] [2024-12-11T22:10:44.506Z] <<< [apiv2][body] GET https://firebase.googleapis.com/v1beta1/projects/mburnayev-website {"projectId":"mburnayev-website","projectNumber":"406780697459","displayName":"mburnayev-website","name":"projects/mburnayev-website","resources":{"hostingSite":"mburnayev-website"},"state":"ACTIVE","etag":"1_a2c3752e-de81-4d43-a1c4-3294857681e8"}
[info] 
   Thank you for trying our early preview of Next.js support on Firebase Hosting.
   During the preview, support is best-effort and breaking changes can be expected. Proceed with caution.

   Documentation: https://firebase.google.com/docs/hosting/frameworks/nextjs
   File a bug: https://github.com/firebase/firebase-tools/issues/new?template=bug_report.md
   Submit a feature request: https://github.com/firebase/firebase-tools/issues/new?template=feature_request.md

   We'd love to learn from you. Express your interest in helping us shape the future of Firebase Hosting: https://goo.gle/41enW5X

[debug] [2024-12-11T22:10:52.774Z] Checked if tokens are valid: true, expires at: 1733958642903
[debug] [2024-12-11T22:10:52.775Z] Checked if tokens are valid: true, expires at: 1733958642903
[debug] [2024-12-11T22:10:52.775Z] >>> [apiv2][query] GET https://firebasehosting.googleapis.com/v1beta1/projects/mburnayev-website/sites/mburnayev-website [none]
[debug] [2024-12-11T22:10:53.199Z] <<< [apiv2][status] GET https://firebasehosting.googleapis.com/v1beta1/projects/mburnayev-website/sites/mburnayev-website 200
[debug] [2024-12-11T22:10:53.203Z] <<< [apiv2][body] GET https://firebasehosting.googleapis.com/v1beta1/projects/mburnayev-website/sites/mburnayev-website {"name":"projects/mburnayev-website/sites/mburnayev-website","defaultUrl":"https://mburnayev-website.web.app","appId":"1:406780697459:web:674d0bb7aac8cf29a28306","type":"DEFAULT_SITE"}
[info] You are using Node.js 18.5.0. For Next.js, Node.js version >= v18.18.0 is required.

[debug] [2024-12-11T22:10:53.675Z] Error: ENOENT: no such file or directory, open '/Users/m-home/Documents/mb_website/.next/export-marker.json'
[error] 
[error] Error: An unexpected error has occurred.
[debug] [2024-12-11T22:13:01.316Z] ----------------------------------------------------------------------
[debug] [2024-12-11T22:13:01.318Z] Command:       /usr/local/bin/firebase /Users/m-home/.cache/firebase/tools/lib/node_modules/firebase-tools/lib/bin/firebase deploy
[debug] [2024-12-11T22:13:01.318Z] CLI Version:   13.28.0
[debug] [2024-12-11T22:13:01.319Z] Platform:      darwin
[debug] [2024-12-11T22:13:01.319Z] Node Version:  v18.5.0
[debug] [2024-12-11T22:13:01.323Z] Time:          Wed Dec 11 2024 17:13:01 GMT-0500 (Eastern Standard Time)
[debug] [2024-12-11T22:13:01.323Z] ----------------------------------------------------------------------
[debug] 
[debug] [2024-12-11T22:13:01.440Z] > command requires scopes: ["email","openid","https://www.googleapis.com/auth/cloudplatformprojects.readonly","https://www.googleapis.com/auth/firebase","https://www.googleapis.com/auth/cloud-platform"]
[debug] [2024-12-11T22:13:01.441Z] > authorizing via signed-in user (misha@burnayev.com)
[debug] [2024-12-11T22:13:01.442Z] [iam] checking project mburnayev-website for permissions ["firebase.projects.get","firebasehosting.sites.update"]
[debug] [2024-12-11T22:13:01.445Z] Checked if tokens are valid: true, expires at: 1733958642903
[debug] [2024-12-11T22:13:01.446Z] Checked if tokens are valid: true, expires at: 1733958642903
[debug] [2024-12-11T22:13:01.447Z] >>> [apiv2][query] POST https://cloudresourcemanager.googleapis.com/v1/projects/mburnayev-website:testIamPermissions [none]
[debug] [2024-12-11T22:13:01.448Z] >>> [apiv2][(partial)header] POST https://cloudresourcemanager.googleapis.com/v1/projects/mburnayev-website:testIamPermissions x-goog-quota-user=projects/mburnayev-website
[debug] [2024-12-11T22:13:01.449Z] >>> [apiv2][body] POST https://cloudresourcemanager.googleapis.com/v1/projects/mburnayev-website:testIamPermissions {"permissions":["firebase.projects.get","firebasehosting.sites.update"]}
[debug] [2024-12-11T22:13:01.637Z] <<< [apiv2][status] POST https://cloudresourcemanager.googleapis.com/v1/projects/mburnayev-website:testIamPermissions 200
[debug] [2024-12-11T22:13:01.640Z] <<< [apiv2][body] POST https://cloudresourcemanager.googleapis.com/v1/projects/mburnayev-website:testIamPermissions {"permissions":["firebase.projects.get","firebasehosting.sites.update"]}
[debug] [2024-12-11T22:13:01.641Z] Checked if tokens are valid: true, expires at: 1733958642903
[debug] [2024-12-11T22:13:01.641Z] Checked if tokens are valid: true, expires at: 1733958642903
[debug] [2024-12-11T22:13:01.641Z] >>> [apiv2][query] GET https://firebase.googleapis.com/v1beta1/projects/mburnayev-website [none]
[debug] [2024-12-11T22:13:02.150Z] <<< [apiv2][status] GET https://firebase.googleapis.com/v1beta1/projects/mburnayev-website 200
[debug] [2024-12-11T22:13:02.152Z] <<< [apiv2][body] GET https://firebase.googleapis.com/v1beta1/projects/mburnayev-website {"projectId":"mburnayev-website","projectNumber":"406780697459","displayName":"mburnayev-website","name":"projects/mburnayev-website","resources":{"hostingSite":"mburnayev-website"},"state":"ACTIVE","etag":"1_a2c3752e-de81-4d43-a1c4-3294857681e8"}
[info] 
   Thank you for trying our early preview of Next.js support on Firebase Hosting.
   During the preview, support is best-effort and breaking changes can be expected. Proceed with caution.

   Documentation: https://firebase.google.com/docs/hosting/frameworks/nextjs
   File a bug: https://github.com/firebase/firebase-tools/issues/new?template=bug_report.md
   Submit a feature request: https://github.com/firebase/firebase-tools/issues/new?template=feature_request.md

   We'd love to learn from you. Express your interest in helping us shape the future of Firebase Hosting: https://goo.gle/41enW5X

[debug] [2024-12-11T22:13:10.344Z] Checked if tokens are valid: true, expires at: 1733958642903
[debug] [2024-12-11T22:13:10.345Z] Checked if tokens are valid: true, expires at: 1733958642903
[debug] [2024-12-11T22:13:10.345Z] >>> [apiv2][query] GET https://firebasehosting.googleapis.com/v1beta1/projects/mburnayev-website/sites/mburnayev-website [none]
[debug] [2024-12-11T22:13:10.753Z] <<< [apiv2][status] GET https://firebasehosting.googleapis.com/v1beta1/projects/mburnayev-website/sites/mburnayev-website 200
[debug] [2024-12-11T22:13:10.756Z] <<< [apiv2][body] GET https://firebasehosting.googleapis.com/v1beta1/projects/mburnayev-website/sites/mburnayev-website {"name":"projects/mburnayev-website/sites/mburnayev-website","defaultUrl":"https://mburnayev-website.web.app","appId":"1:406780697459:web:674d0bb7aac8cf29a28306","type":"DEFAULT_SITE"}
[info] You are using Node.js 18.5.0. For Next.js, Node.js version >= v18.18.0 is required.

[debug] [2024-12-11T22:13:11.234Z] Error: ENOENT: no such file or directory, open '/Users/m-home/Documents/mb_website/.next/export-marker.json'
[error] 
[error] Error: An unexpected error has occurred.
